Fri 24 Mar 2023 11:34:01 AM UTC: 
 tests:  0|6
total_score: 0/70
36f7d6b
Fri 24 Mar 2023 11:35:11 AM UTC: 
 list.c | 9 ++++++++-
 1 file changed, 8 insertions(+), 1 deletion(-)
In file included from test.c:5:
list.c:31:8: error: conflicting types for ‘createList’; have ‘List *(List *)’ {aka ‘struct List *(struct List *)’}
   31 | List * createList(List* list) {
      |        ^~~~~~~~~~
In file included from list.c:4,
                 from test.c:5:
list.h:6:8: note: previous declaration of ‘createList’ with type ‘List *(void)’ {aka ‘struct List *(void)’}
    6 | List * createList(void);
      |        ^~~~~~~~~~
test.c: In function ‘test_create’:
test.c:84:15: error: too few arguments to function ‘createList’
   84 |     List* L = createList();
      |               ^~~~~~~~~~
In file included from test.c:5:
list.c:31:8: note: declared here
   31 | List * createList(List* list) {
      |        ^~~~~~~~~~
Compilation failed
005c027
Fri 24 Mar 2023 11:35:24 AM UTC: 
 list.c | 2 +-
 1 file changed, 1 insertion(+), 1 deletion(-)
 tests:  1|5
total_score: 10/70
cd3138f
Fri 24 Mar 2023 12:01:53 PM UTC: 
 list.c | 6 ++++--
 1 file changed, 4 insertions(+), 2 deletions(-)
In file included from test.c:5:
list.c:31:8: error: conflicting types for ‘createList’; have ‘List *(void *)’ {aka ‘struct List *(void *)’}
   31 | List * createList(void* L) {
      |        ^~~~~~~~~~
In file included from list.c:4,
                 from test.c:5:
list.h:6:8: note: previous declaration of ‘createList’ with type ‘List *(void)’ {aka ‘struct List *(void)’}
    6 | List * createList(void);
      |        ^~~~~~~~~~
In file included from test.c:5:
list.c: In function ‘createList’:
list.c:32:9: error: ‘L’ redeclared as different kind of symbol
   32 |   List* L = (List*) malloc(sizeof(List));
      |         ^
list.c:31:25: note: previous definition of ‘L’ with type ‘void *’
   31 | List * createList(void* L) {
      |                   ~~~~~~^
list.c: In function ‘firstList’:
list.c:42:7: error: suggest parentheses around assignment used as truth value [-Werror=parentheses]
   42 |   if (list->head=NULL){
      |       ^~~~
test.c: In function ‘test_create’:
test.c:84:15: error: too few arguments to function ‘createList’
   84 |     List* L = createList();
      |               ^~~~~~~~~~
In file included from test.c:5:
list.c:31:8: note: declared here
   31 | List * createList(void* L) {
      |        ^~~~~~~~~~
cc1: all warnings being treated as errors
Compilation failed
486c329
Fri 24 Mar 2023 12:02:03 PM UTC: 
 list.c | 2 +-
 1 file changed, 1 insertion(+), 1 deletion(-)
In file included from test.c:5:
list.c: In function ‘firstList’:
list.c:42:7: error: suggest parentheses around assignment used as truth value [-Werror=parentheses]
   42 |   if (list->head=NULL){
      |       ^~~~
cc1: all warnings being treated as errors
Compilation failed
7a60fc9
Fri 24 Mar 2023 12:04:08 PM UTC: 
 list.c | 2 +-
 1 file changed, 1 insertion(+), 1 deletion(-)
In file included from test.c:5:
list.c: In function ‘firstList’:
list.c:42:7: error: suggest parentheses around assignment used as truth value [-Werror=parentheses]
   42 |   if (list->head=NULL){
      |       ^~~~
cc1: all warnings being treated as errors
Compilation failed
f9ef9db
Fri 24 Mar 2023 12:05:51 PM UTC: 
 list.c | 5 ++++-
 1 file changed, 4 insertions(+), 1 deletion(-)
In file included from test.c:5:
list.c: In function ‘firstList’:
list.c:42:7: error: suggest parentheses around assignment used as truth value [-Werror=parentheses]
   42 |   if ((list->head)=NULL){
      |       ^
list.c:49:1: error: control reaches end of non-void function [-Werror=return-type]
   49 | }
      | ^
cc1: all warnings being treated as errors
Compilation failed
aa48818
Fri 24 Mar 2023 12:06:16 PM UTC: 
 list.c | 2 +-
 1 file changed, 1 insertion(+), 1 deletion(-)
In file included from test.c:5:
list.c: In function ‘firstList’:
list.c:42:8: error: suggest parentheses around assignment used as truth value [-Werror=parentheses]
   42 |   if ( list->head=NULL){
      |        ^~~~
list.c:49:1: error: control reaches end of non-void function [-Werror=return-type]
   49 | }
      | ^
cc1: all warnings being treated as errors
Compilation failed
abbc4e6
Fri 24 Mar 2023 12:06:35 PM UTC: 
 list.c | 2 +-
 1 file changed, 1 insertion(+), 1 deletion(-)
In file included from test.c:5:
list.c: In function ‘firstList’:
list.c:49:1: error: control reaches end of non-void function [-Werror=return-type]
   49 | }
      | ^
cc1: all warnings being treated as errors
Compilation failed
40ae450
Fri 24 Mar 2023 12:07:17 PM UTC: 
 list.c | 2 +-
 1 file changed, 1 insertion(+), 1 deletion(-)
In file included from test.c:5:
list.c: In function ‘firstList’:
list.c:42:7: error: suggest parentheses around assignment used as truth value [-Werror=parentheses]
   42 |   if (list->head->data=NULL){
      |       ^~~~
list.c:48:1: error: control reaches end of non-void function [-Werror=return-type]
   48 | }
      | ^
cc1: all warnings being treated as errors
Compilation failed
661ce48
Fri 24 Mar 2023 12:07:40 PM UTC: 
 list.c | 4 ++--
 1 file changed, 2 insertions(+), 2 deletions(-)
In file included from test.c:5:
list.c: In function ‘firstList’:
list.c:48:1: error: control reaches end of non-void function [-Werror=return-type]
   48 | }
      | ^
cc1: all warnings being treated as errors
Compilation failed
309239b
Fri 24 Mar 2023 12:09:08 PM UTC: 
 list.c | 2 +-
 1 file changed, 1 insertion(+), 1 deletion(-)
In file included from test.c:5:
list.c: In function ‘firstList’:
list.c:48:1: error: control reaches end of non-void function [-Werror=return-type]
   48 | }
      | ^
cc1: all warnings being treated as errors
Compilation failed
f89d903
Fri 24 Mar 2023 12:10:01 PM UTC: 
 list.c | 2 ++
 1 file changed, 2 insertions(+)
In file included from test.c:5:
list.c: In function ‘firstList’:
list.c:50:1: error: control reaches end of non-void function [-Werror=return-type]
   50 | }
      | ^
cc1: all warnings being treated as errors
Compilation failed
61e5a9b
Fri 24 Mar 2023 12:11:06 PM UTC: 
 list.c | 3 +--
 1 file changed, 1 insertion(+), 2 deletions(-)
In file included from test.c:5:
list.c: In function ‘firstList’:
list.c:49:1: error: control reaches end of non-void function [-Werror=return-type]
   49 | }
      | ^
cc1: all warnings being treated as errors
Compilation failed
9122237
Fri 24 Mar 2023 12:12:13 PM UTC: 
 list.c | 4 ++--
 1 file changed, 2 insertions(+), 2 deletions(-)
In file included from test.c:5:
list.c: In function ‘firstList’:
list.c:49:1: error: control reaches end of non-void function [-Werror=return-type]
   49 | }
      | ^
cc1: all warnings being treated as errors
Compilation failed
0011df4
Fri 24 Mar 2023 12:12:53 PM UTC: 
 list.c | 2 +-
 1 file changed, 1 insertion(+), 1 deletion(-)
In file included from test.c:5:
list.c: In function ‘firstList’:
list.c:49:1: error: control reaches end of non-void function [-Werror=return-type]
   49 | }
      | ^
cc1: all warnings being treated as errors
Compilation failed
42f8ac3
Fri 24 Mar 2023 12:15:06 PM UTC: 
 list.c | 3 +--
 1 file changed, 1 insertion(+), 2 deletions(-)
In file included from test.c:5:
list.c: In function ‘firstList’:
list.c:48:1: error: control reaches end of non-void function [-Werror=return-type]
   48 | }
      | ^
cc1: all warnings being treated as errors
Compilation failed
3dc9ad8
Fri 24 Mar 2023 12:17:10 PM UTC: 
 list.c | 7 ++++---
 1 file changed, 4 insertions(+), 3 deletions(-)
In file included from test.c:5:
list.c: In function ‘firstList’:
list.c:44:3: error: expected ‘;’ before ‘}’ token
   44 |   }
      |   ^
Compilation failed
8a69ada
Fri 24 Mar 2023 12:18:24 PM UTC: 
 list.c | 4 ++--
 1 file changed, 2 insertions(+), 2 deletions(-)
 tests:  2|5
total_score: 15/70
f9672e0
Fri 24 Mar 2023 12:21:40 PM UTC: 
 list.c | 4 ++--
 1 file changed, 2 insertions(+), 2 deletions(-)
 tests:  2|5
total_score: 15/70
f8c7761
Fri 24 Mar 2023 12:22:07 PM UTC: 
 list.c | 2 +-
 1 file changed, 1 insertion(+), 1 deletion(-)
 tests:  0|0
abd3c9f
Fri 24 Mar 2023 12:24:33 PM UTC: 
 list.c | 2 ++
 1 file changed, 2 insertions(+)
 tests:  0|0
c3ff8fe
Fri 24 Mar 2023 12:25:39 PM UTC: 
 list.c | 3 ++-
 1 file changed, 2 insertions(+), 1 deletion(-)
 tests:  0|0
2755b35
Fri 24 Mar 2023 12:26:52 PM UTC: 
 list.c | 4 ++++
 1 file changed, 4 insertions(+)
 tests:  5|4
total_score: 25/70
0960a44
Sat 25 Mar 2023 09:11:11 PM UTC: 
 list.c | 4 +++-
 1 file changed, 3 insertions(+), 1 deletion(-)
In file included from test.c:5:
list.c: In function ‘lastList’:
list.c:64:3: error: this ‘if’ clause does not guard... [-Werror=misleading-indentation]
   64 |   if(!list->tail)
      |   ^~
list.c:66:5: note: ...this statement, but the latter is misleadingly indented as if it were guarded by the ‘if’
   66 |     return list->tail->data;
      |     ^~~~~~
cc1: all warnings being treated as errors
Compilation failed
71fad5d
Sat 25 Mar 2023 09:12:27 PM UTC: 
 list.c | 2 +-
 1 file changed, 1 insertion(+), 1 deletion(-)
 tests:  5|4
total_score: 25/70
a0224a0
Sat 25 Mar 2023 09:15:48 PM UTC: 
 list.c | 8 ++++++--
 1 file changed, 6 insertions(+), 2 deletions(-)
 tests:  6|4
total_score: 25/70
81de5ef
Sat 25 Mar 2023 09:29:24 PM UTC: 
 list.c | 3 ++-
 1 file changed, 2 insertions(+), 1 deletion(-)
In file included from test.c:5:
list.c: In function ‘prevList’:
list.c:74:36: error: expected ‘;’ before ‘return’
   74 |   list->current=list->current->prev
      |                                    ^
      |                                    ;
   75 |   return list->current->dato;
      |   ~~~~~~                            
list.c:76:1: error: control reaches end of non-void function [-Werror=return-type]
   76 | }
      | ^
cc1: all warnings being treated as errors
Compilation failed
fad2742
Sat 25 Mar 2023 09:29:35 PM UTC: 
 list.c | 2 +-
 1 file changed, 1 insertion(+), 1 deletion(-)
In file included from test.c:5:
list.c: In function ‘prevList’:
list.c:75:25: error: ‘Node’ has no member named ‘dato’; did you mean ‘data’?
   75 |   return list->current->dato;
      |                         ^~~~
      |                         data
list.c:76:1: error: control reaches end of non-void function [-Werror=return-type]
   76 | }
      | ^
cc1: all warnings being treated as errors
Compilation failed
27b5a30
Sat 25 Mar 2023 09:29:46 PM UTC: 
 list.c | 2 +-
 1 file changed, 1 insertion(+), 1 deletion(-)
 tests:  0|0
fb5355c
Sat 25 Mar 2023 09:30:55 PM UTC: 
 list.c | 3 +++
 1 file changed, 3 insertions(+)
 tests:  0|0
c485d25
Sat 25 Mar 2023 09:33:28 PM UTC: 
 list.c | 2 +-
 1 file changed, 1 insertion(+), 1 deletion(-)
 tests:  0|0
6268f93
Sat 25 Mar 2023 09:34:04 PM UTC: 
 list.c | 2 +-
 1 file changed, 1 insertion(+), 1 deletion(-)
In file included from test.c:5:
list.c: In function ‘prevList’:
list.c:75:18: error: ‘List’ {aka ‘struct List’} has no member named ‘curretn’; did you mean ‘current’?
   75 |     return list->curretn->data;
      |                  ^~~~~~~
      |                  current
Compilation failed
10d747d
Sat 25 Mar 2023 09:34:13 PM UTC: 
 list.c | 2 +-
 1 file changed, 1 insertion(+), 1 deletion(-)
 tests:  7|4
total_score: 25/70
24a1c9e
Sat 25 Mar 2023 09:35:30 PM UTC: 
 list.c | 2 +-
 1 file changed, 1 insertion(+), 1 deletion(-)
 tests:  0|0
503c9b2
Sat 25 Mar 2023 09:38:07 PM UTC: 
 list.c | 2 +-
 1 file changed, 1 insertion(+), 1 deletion(-)
 tests:  0|0
c4379f1
Sat 25 Mar 2023 09:43:00 PM UTC: 
 list.c | 2 +-
 1 file changed, 1 insertion(+), 1 deletion(-)
 tests:  0|0
e3cfdbf
Sat 25 Mar 2023 09:44:01 PM UTC: 
 list.c | 2 +-
 1 file changed, 1 insertion(+), 1 deletion(-)
 tests:  9|3
total_score: 35/70
14bfa71
Sat 25 Mar 2023 10:48:23 PM UTC: 
 list.c | 5 +++++
 1 file changed, 5 insertions(+)
 tests:  9|3
total_score: 35/70
893f711
Sat 25 Mar 2023 10:49:33 PM UTC: 
 list.c | 2 +-
 1 file changed, 1 insertion(+), 1 deletion(-)
 tests:  9|3
total_score: 35/70
f7309c8
Sat 25 Mar 2023 10:58:51 PM UTC: 
 list.c | 11 +++++++----
 1 file changed, 7 insertions(+), 4 deletions(-)
In file included from test.c:5:
list.c: In function ‘pushFront’:
list.c:85:11: error: ‘List’ {aka ‘struct List’} has no member named ‘curren’; did you mean ‘current’?
   85 |     list->curren=Newnodo;
      |           ^~~~~~
      |           current
Compilation failed
1103b0b
Sat 25 Mar 2023 10:58:57 PM UTC: 
 list.c | 2 +-
 1 file changed, 1 insertion(+), 1 deletion(-)
 tests:  9|3
total_score: 35/70
2f7d27d
Sat 25 Mar 2023 10:59:23 PM UTC: 
 list.c | 2 +-
 1 file changed, 1 insertion(+), 1 deletion(-)
 tests:  9|3
total_score: 35/70
795e518
Sat 25 Mar 2023 11:00:18 PM UTC: 
 list.c | 2 ++
 1 file changed, 2 insertions(+)
 tests:  9|3
total_score: 35/70
6052f15
Sat 25 Mar 2023 11:01:17 PM UTC: 
 list.c | 1 +
 1 file changed, 1 insertion(+)
In file included from test.c:5:
list.c: In function ‘pushFront’:
list.c:86:15: error: ‘Node’ has no member named ‘Newnodo’
   86 |     list->tail->Newnodo
      |               ^~
list.c:86:24: error: expected ‘;’ before ‘}’ token
   86 |     list->tail->Newnodo
      |                        ^
      |                        ;
   87 |   }
      |   ~                     
Compilation failed
d5b6e61
Sat 25 Mar 2023 11:01:30 PM UTC: 
 list.c | 2 +-
 1 file changed, 1 insertion(+), 1 deletion(-)
 tests:  9|3
total_score: 35/70
0fee731
Sat 25 Mar 2023 11:02:10 PM UTC: 
 list.c | 2 +-
 1 file changed, 1 insertion(+), 1 deletion(-)
 tests:  10|2
total_score: 45/70
e56d2ae
Sat 25 Mar 2023 11:48:53 PM UTC: 
 list.c | 8 ++++++++
 1 file changed, 8 insertions(+)
In file included from test.c:5:
list.c: In function ‘pushCurrent’:
list.c:103:22: error: expected ‘;’ before ‘}’ token
  103 |     list->tail=N_nodo
      |                      ^
      |                      ;
  104 |   }
      |   ~                   
Compilation failed
a502929
Sat 25 Mar 2023 11:48:58 PM UTC: 
 list.c | 2 +-
 1 file changed, 1 insertion(+), 1 deletion(-)
 tests:  10|2
total_score: 45/70
9c8c7d8
Sat 25 Mar 2023 11:56:17 PM UTC: 
 list.c | 1 +
 1 file changed, 1 insertion(+)
 tests:  10|2
total_score: 45/70
10605be
Sat 25 Mar 2023 11:56:59 PM UTC: 
 list.c | 4 ++--
 1 file changed, 2 insertions(+), 2 deletions(-)
 tests:  10|2
total_score: 45/70
874f4c9
Sun 26 Mar 2023 12:10:20 AM UTC: 
 list.c | 10 +++++++---
 1 file changed, 7 insertions(+), 3 deletions(-)
 tests:  11|1
total_score: 55/70
6609aed
Sun 26 Mar 2023 01:06:02 AM UTC: 
 list.c | 18 ++++++++++++++++++
 1 file changed, 18 insertions(+)
 tests:  11|1
total_score: 55/70
f81ce9a
Sun 26 Mar 2023 02:27:27 AM UTC: 
 list.c | 9 +++++++++
 1 file changed, 9 insertions(+)
In file included from test.c:5:
list.c: In function ‘popCurrent’:
list.c:139:42: error: expected ‘;’ before ‘free’
  139 |     aux = createNode(list->current->data)
      |                                          ^
      |                                          ;
  140 |     free(list->current);
      |     ~~~~                                  
list.c:149:42: error: expected ‘;’ before ‘free’
  149 |     aux = createNode(list->current->data)
      |                                          ^
      |                                          ;
  150 |     free(list->current);
      |     ~~~~                                  
list.c:128:10: error: variable ‘aux’ set but not used [-Werror=unused-but-set-variable]
  128 |   Node * aux;
      |          ^~~
cc1: all warnings being treated as errors
Compilation failed
aa9f3dc
Sun 26 Mar 2023 02:28:07 AM UTC: 
 list.c | 2 +-
 1 file changed, 1 insertion(+), 1 deletion(-)
In file included from test.c:5:
list.c: In function ‘popCurrent’:
list.c:139:42: error: expected ‘;’ before ‘free’
  139 |     aux = createNode(list->current->data)
      |                                          ^
      |                                          ;
  140 |     free(list->current);
      |     ~~~~                                  
list.c:149:42: error: expected ‘;’ before ‘free’
  149 |     aux = createNode(list->current->data)
      |                                          ^
      |                                          ;
  150 |     free(list->current);
      |     ~~~~                                  
list.c:128:10: error: variable ‘aux’ set but not used [-Werror=unused-but-set-variable]
  128 |   Node * aux= createNode(NULL);
      |          ^~~
cc1: all warnings being treated as errors
Compilation failed
53af961
Sun 26 Mar 2023 02:42:49 AM UTC: 
 list.c | 23 ++++++++---------------
 1 file changed, 8 insertions(+), 15 deletions(-)
In file included from test.c:5:
list.c: In function ‘popCurrent’:
list.c:138:42: error: expected ‘;’ before ‘free’
  138 |     aux = createNode(list->current->data)
      |                                          ^
      |                                          ;
  139 |     free(list->current);
      |     ~~~~                                  
Compilation failed
7e7bb37
Sun 26 Mar 2023 02:43:07 AM UTC: 
 list.c | 2 +-
 1 file changed, 1 insertion(+), 1 deletion(-)
 tests:  11|1
total_score: 55/70
e5e775b
Sun 26 Mar 2023 02:44:11 AM UTC: 
 list.c | 1 +
 1 file changed, 1 insertion(+)
 tests:  11|1
total_score: 55/70
77577d4
Sun 26 Mar 2023 02:45:35 AM UTC: 
 list.c | 3 ---
 1 file changed, 3 deletions(-)
 tests:  11|1
total_score: 55/70
1e74771
Sun 26 Mar 2023 02:45:58 AM UTC: 
 list.c | 1 -
 1 file changed, 1 deletion(-)
 tests:  11|1
total_score: 55/70
c1a0b0b
Sun 26 Mar 2023 02:52:14 AM UTC: 
 list.c | 2 +-
 1 file changed, 1 insertion(+), 1 deletion(-)
 tests:  11|1
total_score: 55/70
14d3429
